<?xml version="1.0" encoding="UTF-8"?>
<!-- Generated by org.testng.reporters.JUnitReportReporter -->
<testsuite hostname="SCTL-BA-I3-14" failures="0" tests="2" name="testCase.SaleInvoice" time="65.106" errors="0" timestamp="07 Feb 2019 05:14:02 GMT" skipped="0">
  <testcase classname="testCase.SaleInvoice" name="createSaleInvoice" time="32.755"/>
  <testcase classname="testCase.SaleInvoice" name="createSaleInvoice" time="32.351"/>
</testsuite> <!-- testCase.SaleInvoice -->
